Determining if the pthread_create exist failed with the following output:
Change Dir: /home/jacevedo/catkin_ws/src/gauss/simulation_nodes/ual_communication-build/CMakeFiles/CMakeTmp

Run Build Command:"/usr/bin/make" "cmTC_2e065/fast"
/usr/bin/make -f CMakeFiles/cmTC_2e065.dir/build.make CMakeFiles/cmTC_2e065.dir/build
make[1]: se entra en el directorio '/home/jacevedo/catkin_ws/src/gauss/simulation_nodes/ual_communication-build/CMakeFiles/CMakeTmp'
Building C object CMakeFiles/cmTC_2e065.dir/CheckSymbolExists.c.o
/usr/bin/cc     -o CMakeFiles/cmTC_2e065.dir/CheckSymbolExists.c.o   -c /home/jacevedo/catkin_ws/src/gauss/simulation_nodes/ual_communication-build/CMakeFiles/CMakeTmp/CheckSymbolExists.c
Linking C executable cmTC_2e065
/usr/bin/cmake -E cmake_link_script CMakeFiles/cmTC_2e065.dir/link.txt --verbose=1
/usr/bin/cc       CMakeFiles/cmTC_2e065.dir/CheckSymbolExists.c.o  -o cmTC_2e065 -rdynamic 
CMakeFiles/cmTC_2e065.dir/CheckSymbolExists.c.o: En la función `main':
CheckSymbolExists.c:(.text+0x16): referencia a `pthread_create' sin definir
collect2: error: ld returned 1 exit status
CMakeFiles/cmTC_2e065.dir/build.make:97: fallo en las instrucciones para el objetivo 'cmTC_2e065'
make[1]: *** [cmTC_2e065] Error 1
make[1]: se sale del directorio '/home/jacevedo/catkin_ws/src/gauss/simulation_nodes/ual_communication-build/CMakeFiles/CMakeTmp'
Makefile:126: fallo en las instrucciones para el objetivo 'cmTC_2e065/fast'
make: *** [cmTC_2e065/fast] Error 2

File /home/jacevedo/catkin_ws/src/gauss/simulation_nodes/ual_communication-build/CMakeFiles/CMakeTmp/CheckSymbolExists.c:
/* */
#include <pthread.h>

int main(int argc, char** argv)
{
  (void)argv;
#ifndef pthread_create
  return ((int*)(&pthread_create))[argc];
#else
  (void)argc;
  return 0;
#endif
}

Determining if the function pthread_create exists in the pthreads failed with the following output:
Change Dir: /home/jacevedo/catkin_ws/src/gauss/simulation_nodes/ual_communication-build/CMakeFiles/CMakeTmp

Run Build Command:"/usr/bin/make" "cmTC_936c1/fast"
/usr/bin/make -f CMakeFiles/cmTC_936c1.dir/build.make CMakeFiles/cmTC_936c1.dir/build
make[1]: se entra en el directorio '/home/jacevedo/catkin_ws/src/gauss/simulation_nodes/ual_communication-build/CMakeFiles/CMakeTmp'
Building C object CMakeFiles/cmTC_936c1.dir/CheckFunctionExists.c.o
/usr/bin/cc    -DCHECK_FUNCTION_EXISTS=pthread_create   -o CMakeFiles/cmTC_936c1.dir/CheckFunctionExists.c.o   -c /usr/share/cmake-3.5/Modules/CheckFunctionExists.c
Linking C executable cmTC_936c1
/usr/bin/cmake -E cmake_link_script CMakeFiles/cmTC_936c1.dir/link.txt --verbose=1
/usr/bin/cc   -DCHECK_FUNCTION_EXISTS=pthread_create    CMakeFiles/cmTC_936c1.dir/CheckFunctionExists.c.o  -o cmTC_936c1 -rdynamic -lpthreads 
/usr/bin/ld: no se puede encontrar -lpthreads
collect2: error: ld returned 1 exit status
CMakeFiles/cmTC_936c1.dir/build.make:97: fallo en las instrucciones para el objetivo 'cmTC_936c1'
make[1]: *** [cmTC_936c1] Error 1
make[1]: se sale del directorio '/home/jacevedo/catkin_ws/src/gauss/simulation_nodes/ual_communication-build/CMakeFiles/CMakeTmp'
Makefile:126: fallo en las instrucciones para el objetivo 'cmTC_936c1/fast'
make: *** [cmTC_936c1/fast] Error 2


